# INPUT PARAMETERS GIVEN
# TAG = bar_normal.Group0.rg.md.abra.printreads__bar_tumor.Group0.rg.md.abra.printreads_hisens 
# Facets version = 0.5.14 
# Input = bar_normal.Group0.rg.md.abra.printreads__bar_tumor.Group0.rg.md.abra.printreads.dat.gz 
# Seed = 1000 
# snp.nbhd = 250 
# ndepth = 35 
# purity_cval =  100 
# unmatched =  FALSE 
# cval = 50 
# min.nhet = 25 
# genome = hg19 
# tumor_id = bar_tumor 

# LOADED MODULE INFO
# Facets version = 0.5.14 


# FACETS OUTPUT
# Purity = NA 
# Ploidy = 2 
# dipLogR = -0.123657 
# dipt = 
# loglik = 
# output flags
# 
