# INPUT PARAMETERS GIVEN
# TAG = foo_normal.Group1.rg.md.abra.printreads__foo_tumor.Group1.rg.md.abra.printreads_purity 
# Facets version = 0.5.14 
# Input = foo_normal.Group1.rg.md.abra.printreads__foo_tumor.Group1.rg.md.abra.printreads.dat.gz 
# Seed = 1000 
# snp.nbhd = 250 
# ndepth = 35 
# purity_cval =  NA 
# unmatched =  FALSE 
# cval = 100 
# min.nhet = 25 
# genome = hg19 
# tumor_id = foo_tumor 

# LOADED MODULE INFO
# Facets version = 0.5.14 


# FACETS OUTPUT
# Purity = NA 
# Ploidy = 2 
# dipLogR = -0.123657 
# dipt = 
# loglik = 
# output flags
# 
